Arguments: 
  /home/dawid/.nvm/versions/node/v13.8.0/bin/node /usr/share/yarn/bin/yarn.js --verbose

PATH: 
  /home/dawid/.nvm/versions/node/v13.8.0/bin:/home/dawid/.poetry/bin:/home/dawid/.local/bin:/usr/local/sbin:/usr/local/bin:/usr/sbin:/usr/bin:/sbin:/bin:/usr/games:/usr/local/games:/snap/bin:/home/dawid/.npm-global/bin:/home/dawid/.nvm/versions/node/v12.6.0/lib/node_modules/node/bin

Yarn version: 
  1.22.4

Node version: 
  13.8.0

Platform: 
  linux x64

Trace: 
  Error: EISDIR: illegal operation on a directory, read

npm manifest: 
  {
    "name": "my-project",
    "private": true,
    "version": "0.1.0",
    "description": "A Strapi application",
    "scripts": {
      "develop": "strapi develop",
      "start": "strapi start",
      "build": "strapi build",
      "strapi": "strapi"
    },
    "devDependencies": {},
    "dependencies": {
      "strapi": "3.0.0-beta.19.3",
      "strapi-admin": "3.0.0-beta.19.3",
      "strapi-utils": "3.0.0-beta.19.3",
      "strapi-plugin-content-type-builder": "3.0.0-beta.19.3",
      "strapi-plugin-content-manager": "3.0.0-beta.19.3",
      "strapi-plugin-users-permissions": "3.0.0-beta.19.3",
      "strapi-plugin-email": "3.0.0-beta.19.3",
      "strapi-plugin-upload": "3.0.0-beta.19.3",
      "strapi-connector-bookshelf": "3.0.0-beta.19.3",
      "knex": "<0.20.0",
      "sqlite3": "latest"
    },
    "author": {
      "name": "A Strapi developer"
    },
    "strapi": {
      "uuid": "f3dcf8bd-965e-464a-8eee-916e466f4763"
    },
    "engines": {
      "node": ">=10.0.0",
      "npm": ">=6.0.0"
    },
    "license": "MIT"
  }

yarn manifest: 
  No manifest

Lockfile: 
  No lockfile
